<?xml version="1.0" encoding="UTF-8"?>
<!-- Generated by org.testng.reporters.JUnitReportReporter -->
<testsuite hostname="Rushi" failures="0" tests="1" name="com.handle.MultipleTabs_Handle" time="19.662" errors="0" timestamp="2025-10-10T15:48:56 IST" skipped="0">
  <testcase classname="com.handle.MultipleTabs_Handle" name="openBrowser" time="19.662"/>
  <system-out/>
</testsuite> <!-- com.handle.MultipleTabs_Handle -->
