<?xml version="1.0" encoding="UTF-8"?>
<!-- Generated by org.testng.reporters.JUnitReportReporter -->
<testsuite hostname="Rushi" failures="0" tests="1" name="com.handle.WindowHandle" time="35.675" errors="0" timestamp="2025-02-18T17:04:36 IST" skipped="0">
  <testcase classname="com.handle.WindowHandle" name="openBrowser" time="35.675"/>
  <system-out/>
</testsuite> <!-- com.handle.WindowHandle -->
