<?xml version="1.0" encoding="UTF-8"?>
<!-- Generated by org.testng.reporters.JUnitReportReporter -->
<testsuite hostname="Rushi" failures="0" tests="1" name="com.handle.TabSwitchDynamic" time="20.496" errors="0" timestamp="2025-10-27T22:46:20 IST" skipped="0">
  <testcase classname="com.handle.TabSwitchDynamic" name="openBrowser" time="20.496"/>
  <system-out/>
</testsuite> <!-- com.handle.TabSwitchDynamic -->
