<?xml version="1.0" encoding="UTF-8"?>
<!-- Generated by org.testng.reporters.JUnitReportReporter -->
<testsuite hostname="Rushi" failures="0" tests="7" name="Annoations.Test_Grouping_Annoations" time="0.026" errors="0" timestamp="2025-10-10T18:15:42 IST" skipped="3">
  <testcase classname="Annoations.Test_Grouping_Annoations" name="testCase2" time="0.021"/>
  <system-out/>
  <testcase classname="Annoations.Test_Grouping_Annoations" name="testCase4" time="0.002"/>
  <system-out/>
  <testcase classname="Annoations.Test_Grouping_Annoations" name="testCase3" time="0.002"/>
  <system-out/>
  <testcase classname="Annoations.Test_Grouping_Annoations" name="testCase5" time="0.001"/>
  <system-out/>
  <testcase classname="Annoations.Test_Grouping_Annoations" name="testCase6">
    <skipped/>
  </testcase> <!-- testCase6 -->
  <system-out/>
  <testcase classname="Annoations.Test_Grouping_Annoations" name="testCase1">
    <skipped/>
  </testcase> <!-- testCase1 -->
  <system-out/>
  <testcase classname="Annoations.Test_Grouping_Annoations" name="testCase7">
    <skipped/>
  </testcase> <!-- testCase7 -->
  <system-out/>
</testsuite> <!-- Annoations.Test_Grouping_Annoations -->
