<?xml version="1.0" encoding="UTF-8"?>
<!-- Generated by org.testng.reporters.JUnitReportReporter -->
<testsuite hostname="Rushi" failures="0" tests="1" name="com.handle.WindowHandle" time="40.428" errors="0" timestamp="2025-06-27T10:40:42 IST" skipped="0">
  <testcase classname="com.handle.WindowHandle" name="openBrowser" time="40.428"/>
  <system-out/>
</testsuite> <!-- com.handle.WindowHandle -->
